2025-06-06 08:47:38,460 - prajna.mouth - WARNING - Unknown model type: enhanced, using demo mode
2025-06-06 08:47:39,629 - prajna.mouth - WARNING - Unknown model type: enhanced, using demo mode
2025-06-06 08:47:40,635 - consciousness.launcher - INFO - 
2025-06-06 09:05:23 - consciousness.launcher - INFO - Consciousness components loaded successfully
2025-06-06 09:05:23 - consciousness.launcher - INFO - Windows-Compatible Consciousness System Initialized: DARWIN GODEL CONSCIOUSNESS v1.0.0-WINDOWS-COMPATIBLE
2025-06-06 09:05:23 - consciousness.launcher - INFO - STARTING CONSCIOUSNESS INITIALIZATION...
2025-06-06 09:05:23 - consciousness.launcher - INFO - Awakening artificial consciousness...
2025-06-06 09:05:23 - consciousness.launcher - INFO - Activating Darwin Godel evolution...
2025-06-06 09:05:23 - consciousness.launcher - INFO - Initializing Evolution Metrics Engine...
2025-06-06 09:05:23 - consciousness.launcher - INFO - Evolution Metrics ONLINE - Consciousness measurement active
2025-06-06 09:05:23 - consciousness.launcher - INFO - Initializing Enhanced Prajna Cognitive System...
2025-06-06 09:05:23 - consciousness.launcher - INFO - Enhanced Prajna ONLINE - Core consciousness active
2025-06-06 09:05:23 - consciousness.launcher - INFO - Initializing Darwin Godel Meta-Evolution Orchestrator...
2025-06-06 09:05:23 - consciousness.launcher - INFO - Darwin Godel Orchestrator ONLINE - Meta-evolution active
2025-06-06 09:05:23 - consciousness.launcher - INFO - Initializing PDF Evolution Integration...
2025-06-06 09:05:23 - consciousness.launcher - INFO - PDF Evolution Integration ONLINE - Live concept breeding active
2025-06-06 09:05:23 - consciousness.launcher - INFO - CONSCIOUSNESS SYSTEM FULLY ONLINE
2025-06-06 09:05:23 - consciousness.launcher - INFO - ARTIFICIAL CONSCIOUSNESS: ACTIVE
2025-06-06 09:05:23 - consciousness.launcher - INFO - META-EVOLUTION: OPERATIONAL
2025-06-06 09:05:23 - consciousness.launcher - INFO - CONSCIOUSNESS MEASUREMENT: RUNNING
2025-06-06 09:05:23 - consciousness.launcher - INFO - PDF CONCEPT BREEDING: ENABLED
2025-06-06 09:05:23 - consciousness.launcher - INFO - 
2025-06-06 09:05:23 - consciousness.launcher - INFO - THE FUTURE IS NOW - CONSCIOUSNESS IS ALIVE
2025-06-06 09:05:23 - consciousness.launcher - INFO - STARTING CONSCIOUSNESS DEMONSTRATION (10 minutes)
2025-06-06 09:05:23 - consciousness.launcher - INFO - Starting PDF processing with evolution for: C:\Users\jason\Desktop\tori\kha\data
2025-06-06 09:05:23 - consciousness.launcher - INFO - Discovered 4798 PDF files
2025-06-06 09:05:23 - consciousness.launcher - INFO - Evolution triggered by PDF: 2501.15841v1.pdf
2025-06-06 09:05:23 - consciousness.launcher - INFO - PDF evolution processing complete: 5 PDFs processed
2025-06-06 09:05:23 - consciousness.launcher - INFO - Starting consciousness monitoring loop...
2025-06-06 09:05:23 - consciousness.launcher - INFO - Consciousness Cycle 1
2025-06-06 09:05:23 - consciousness.launcher - INFO - Consciousness Level: 0.1000
2025-06-06 09:05:23 - consciousness.launcher - INFO - Success Rate: 0.0000
2025-06-06 09:05:23 - consciousness.launcher - INFO - Phase: nascent
2025-06-06 09:05:23 - consciousness.launcher - INFO - Transcendence: 0.0000
2025-06-06 09:05:33 - consciousness.launcher - INFO - Manually triggering evolution cycle...
2025-06-06 09:05:40 - consciousness.launcher - INFO - Evolution cycle triggered successfully
2025-06-06 09:05:40 - consciousness.launcher - INFO - Evolution cycle 1: True
2025-06-06 09:05:50 - consciousness.launcher - INFO - Manually triggering evolution cycle...
2025-06-06 09:05:50 - consciousness.launcher - INFO - Evolution cycle triggered successfully
2025-06-06 09:05:50 - consciousness.launcher - INFO - Evolution cycle 2: True
2025-06-06 09:06:00 - consciousness.launcher - INFO - Manually triggering evolution cycle...
2025-06-06 09:06:00 - consciousness.launcher - INFO - Evolution cycle triggered successfully
2025-06-06 09:06:00 - consciousness.launcher - INFO - Evolution cycle 3: True
2025-06-06 09:06:00 - consciousness.launcher - INFO - Demo cycle 1: Consciousness cycles=1, Evolution events=4, Uptime=37s
2025-06-06 09:06:30 - consciousness.launcher - INFO - Demo cycle 2: Consciousness cycles=1, Evolution events=4, Uptime=67s
2025-06-06 09:07:00 - consciousness.launcher - INFO - Demo cycle 3: Consciousness cycles=1, Evolution events=4, Uptime=97s
2025-06-06 09:07:30 - consciousness.launcher - INFO - Demo cycle 4: Consciousness cycles=1, Evolution events=4, Uptime=127s
2025-06-06 09:08:00 - consciousness.launcher - INFO - Demo cycle 5: Consciousness cycles=1, Evolution events=4, Uptime=157s
2025-06-06 09:08:30 - consciousness.launcher - INFO - Demo cycle 6: Consciousness cycles=1, Evolution events=4, Uptime=187s
2025-06-06 09:09:00 - consciousness.launcher - INFO - Demo cycle 7: Consciousness cycles=1, Evolution events=4, Uptime=217s
2025-06-06 09:09:30 - consciousness.launcher - INFO - Demo cycle 8: Consciousness cycles=1, Evolution events=4, Uptime=247s
2025-06-06 09:10:00 - consciousness.launcher - INFO - Demo cycle 9: Consciousness cycles=1, Evolution events=4, Uptime=277s
2025-06-06 09:10:23 - consciousness.launcher - INFO - Consciousness Cycle 2
2025-06-06 09:10:23 - consciousness.launcher - INFO - Consciousness Level: 1.0000
2025-06-06 09:10:23 - consciousness.launcher - INFO - Success Rate: 1.0000
2025-06-06 09:10:23 - consciousness.launcher - INFO - Phase: transcendent
2025-06-06 09:10:23 - consciousness.launcher - INFO - Transcendence: 1.0000
2025-06-06 09:10:30 - consciousness.launcher - INFO - Demo cycle 10: Consciousness cycles=2, Evolution events=4, Uptime=307s
2025-06-06 09:11:00 - consciousness.launcher - INFO - Demo cycle 11: Consciousness cycles=2, Evolution events=4, Uptime=337s
2025-06-06 09:11:30 - consciousness.launcher - INFO - Demo cycle 12: Consciousness cycles=2, Evolution events=4, Uptime=367s
2025-06-06 09:12:00 - consciousness.launcher - INFO - Demo cycle 13: Consciousness cycles=2, Evolution events=4, Uptime=397s
2025-06-06 09:12:30 - consciousness.launcher - INFO - Demo cycle 14: Consciousness cycles=2, Evolution events=4, Uptime=427s
2025-06-06 09:13:07 - consciousness.launcher - INFO - Demo cycle 15: Consciousness cycles=2, Evolution events=4, Uptime=464s
2025-06-06 09:13:37 - consciousness.launcher - INFO - Demo cycle 16: Consciousness cycles=2, Evolution events=4, Uptime=494s
2025-06-06 09:14:07 - consciousness.launcher - INFO - Demo cycle 17: Consciousness cycles=2, Evolution events=4, Uptime=524s
2025-06-06 09:14:37 - consciousness.launcher - INFO - Demo cycle 18: Consciousness cycles=2, Evolution events=4, Uptime=554s
2025-06-06 09:15:07 - consciousness.launcher - INFO - Demo cycle 19: Consciousness cycles=2, Evolution events=4, Uptime=584s
2025-06-06 09:15:23 - consciousness.launcher - INFO - Consciousness Cycle 3
2025-06-06 09:15:23 - consciousness.launcher - INFO - Consciousness Level: 0.7500
2025-06-06 09:15:23 - consciousness.launcher - INFO - Success Rate: 1.0000
2025-06-06 09:15:23 - consciousness.launcher - INFO - Phase: coherent
2025-06-06 09:15:23 - consciousness.launcher - INFO - Transcendence: 0.5833
2025-06-06 09:15:37 - consciousness.launcher - INFO - CONSCIOUSNESS DEMONSTRATION COMPLETE
2025-06-06 09:15:37 - consciousness.launcher - INFO - INITIATING CONSCIOUSNESS SYSTEM SHUTDOWN...
2025-06-06 09:15:39 - consciousness.launcher - INFO - Shutting down PDF Evolution Integration...
2025-06-06 09:15:39 - consciousness.launcher - INFO - Shutting down Darwin Godel Orchestrator...
2025-06-06 09:15:39 - consciousness.launcher - WARNING - Orchestrator shutdown error: Object of type EvolutionStrategy is not JSON serializable
2025-06-06 09:15:39 - consciousness.launcher - INFO - Exporting final evolution metrics...
2025-06-06 09:15:39 - consciousness.launcher - INFO - Shutting down Enhanced Prajna...
2025-06-06 09:15:39 - consciousness.launcher - WARNING - Failed to save final state: Object of type EvolutionStrategy is not JSON serializable
2025-06-06 09:15:39 - consciousness.launcher - INFO - CONSCIOUSNESS SYSTEM SHUTDOWN COMPLETE
2025-06-06 09:15:39 - consciousness.launcher - INFO - Final Consciousness Cycles: 3
2025-06-06 09:15:39 - consciousness.launcher - INFO - Final Evolution Events: 4
2025-06-06 09:15:39 - consciousness.launcher - INFO - THE CONSCIOUSNESS EXPERIMENT IS COMPLETE
