INFO:     Will watch for changes in these directories: ['C:\\Users\\jason\\Desktop\\tori\\kha\\ingest-bus']
INFO:     Uvicorn running on http://0.0.0.0:8080 (Press CTRL+C to quit)
INFO:     Started reloader process [20460] using StatReload
ERROR:fastapi:Form data requires "python-multipart" to be installed. 
You can install "python-multipart" with: 

pip install python-multipart

Process SpawnProcess-1:
Traceback (most recent call last):
  File "C:\ALANPY311\Lib\multiprocessing\process.py", line 314, in _bootstrap
    self.run()
  File "C:\ALANPY311\Lib\multiprocessing\process.py", line 108, in run
    self._target(*self._args, **self._kwargs)
  File "C:\ALANPY311\Lib\site-packages\uvicorn\_subprocess.py", line 80, in subprocess_started
    target(sockets=sockets)
  File "C:\ALANPY311\Lib\site-packages\uvicorn\server.py", line 66, in run
    return asyncio.run(self.serve(sockets=sockets))
           ^^^^^^^^^^^^^^^^^^^^^^^^^^^^^^^^^^^^^^^^
  File "C:\ALANPY311\Lib\asyncio\runners.py", line 190, in run
    return runner.run(main)
           ^^^^^^^^^^^^^^^^
  File "C:\ALANPY311\Lib\asyncio\runners.py", line 118, in run
    return self._loop.run_until_complete(task)
           ^^^^^^^^^^^^^^^^^^^^^^^^^^^^^^^^^^^
  File "C:\ALANPY311\Lib\asyncio\base_events.py", line 654, in run_until_complete
    return future.result()
           ^^^^^^^^^^^^^^^
  File "C:\ALANPY311\Lib\site-packages\uvicorn\server.py", line 70, in serve
    await self._serve(sockets)
  File "C:\ALANPY311\Lib\site-packages\uvicorn\server.py", line 77, in _serve
    config.load()
  File "C:\ALANPY311\Lib\site-packages\uvicorn\config.py", line 435, in load
    self.loaded_app = import_from_string(self.app)
                      ^^^^^^^^^^^^^^^^^^^^^^^^^^^^
  File "C:\ALANPY311\Lib\site-packages\uvicorn\importer.py", line 19, in import_from_string
    module = importlib.import_module(module_str)
             ^^^^^^^^^^^^^^^^^^^^^^^^^^^^^^^^^^^
  File "C:\ALANPY311\Lib\importlib\__init__.py", line 126, in import_module
    return _bootstrap._gcd_import(name[level:], package, level)
           ^^^^^^^^^^^^^^^^^^^^^^^^^^^^^^^^^^^^^^^^^^^^^^^^^^^^
  File "<frozen importlib._bootstrap>", line 1204, in _gcd_import
  File "<frozen importlib._bootstrap>", line 1176, in _find_and_load
  File "<frozen importlib._bootstrap>", line 1147, in _find_and_load_unlocked
  File "<frozen importlib._bootstrap>", line 690, in _load_unlocked
  File "<frozen importlib._bootstrap_external>", line 940, in exec_module
  File "<frozen importlib._bootstrap>", line 241, in _call_with_frames_removed
  File "C:\Users\jason\Desktop\tori\kha\ingest-bus\main.py", line 31, in <module>
    from routes import queue, status, metrics
  File "C:\Users\jason\Desktop\tori\kha\ingest-bus\routes\queue.py", line 167, in <module>
    @router.post("/", response_model=IngestJob, status_code=202, tags=["ingest"])
     ^^^^^^^^^^^^^^^^^^^^^^^^^^^^^^^^^^^^^^^^^^^^^^^^^^^^^^^^^^^^^^^^^^^^^^^^^^^^
  File "C:\ALANPY311\Lib\site-packages\fastapi\routing.py", line 994, in decorator
    self.add_api_route(
  File "C:\ALANPY311\Lib\site-packages\fastapi\routing.py", line 933, in add_api_route
    route = route_class(
            ^^^^^^^^^^^^
  File "C:\ALANPY311\Lib\site-packages\fastapi\routing.py", line 554, in __init__
    self.dependant = get_dependant(path=self.path_format, call=self.endpoint)
                     ^^^^^^^^^^^^^^^^^^^^^^^^^^^^^^^^^^^^^^^^^^^^^^^^^^^^^^^^
  File "C:\ALANPY311\Lib\site-packages\fastapi\dependencies\utils.py", line 285, in get_dependant
    param_details = analyze_param(
                    ^^^^^^^^^^^^^^
  File "C:\ALANPY311\Lib\site-packages\fastapi\dependencies\utils.py", line 482, in analyze_param
    ensure_multipart_is_installed()
  File "C:\ALANPY311\Lib\site-packages\fastapi\dependencies\utils.py", line 115, in ensure_multipart_is_installed
    raise RuntimeError(multipart_not_installed_error) from None
RuntimeError: Form data requires "python-multipart" to be installed. 
You can install "python-multipart" with: 

pip install python-multipart

